0 info it worked if it ends with ok
1 verbose cli [ '/usr/local/share/node-v5.2.0-linux-x64/bin/node',
1 verbose cli   '/usr/local/bin/npm',
1 verbose cli   'run',
1 verbose cli   'startWebpackdevserverBug' ]
2 info using npm@3.3.12
3 info using node@v5.2.0
4 verbose run-script [ 'prestartWebpackdevserverBug',
4 verbose run-script   'startWebpackdevserverBug',
4 verbose run-script   'poststartWebpackdevserverBug' ]
5 info lifecycle dbcheckui@0.0.1~prestartWebpackdevserverBug: dbcheckui@0.0.1
6 silly lifecycle dbcheckui@0.0.1~prestartWebpackdevserverBug: no script for prestartWebpackdevserverBug, continuing
7 info lifecycle dbcheckui@0.0.1~startWebpackdevserverBug: dbcheckui@0.0.1
8 verbose lifecycle dbcheckui@0.0.1~startWebpackdevserverBug: unsafe-perm in lifecycle true
9 verbose lifecycle dbcheckui@0.0.1~startWebpackdevserverBug: PATH: /usr/local/share/node-v5.2.0-linux-x64/lib/node_modules/npm/bin/node-gyp-bin:/home/zja/Workspace/dbCheckUI/node_modules/.bin:/home/zja/.autojump/bin:/usr/local/sbin:/usr/local/bin:/usr/sbin:/usr/bin:/sbin:/bin:/home/zja/bin:/home/zja/bin:/home/zja/Android/Sdk/tools:/home/zja/Android/Sdk/platform-tools:/home/zja/bin/opencv/bin
10 verbose lifecycle dbcheckui@0.0.1~startWebpackdevserverBug: CWD: /home/zja/Workspace/dbCheckUI
11 silly lifecycle dbcheckui@0.0.1~startWebpackdevserverBug: Args: [ '-c',
11 silly lifecycle   'NODE_ENV=development node src/server/index.js --progress --colors --profile' ]
12 silly lifecycle dbcheckui@0.0.1~startWebpackdevserverBug: Returned: code: 1  signal: null
13 info lifecycle dbcheckui@0.0.1~startWebpackdevserverBug: Failed to exec startWebpackdevserverBug script
14 verbose stack Error: dbcheckui@0.0.1 startWebpackdevserverBug: `NODE_ENV=development node src/server/index.js --progress --colors --profile`
14 verbose stack Exit status 1
14 verbose stack     at EventEmitter.<anonymous> (/usr/local/share/node-v5.2.0-linux-x64/lib/node_modules/npm/lib/utils/lifecycle.js:232:16)
14 verbose stack     at emitTwo (events.js:88:13)
14 verbose stack     at EventEmitter.emit (events.js:173:7)
14 verbose stack     at ChildProcess.<anonymous> (/usr/local/share/node-v5.2.0-linux-x64/lib/node_modules/npm/lib/utils/spawn.js:24:14)
14 verbose stack     at emitTwo (events.js:88:13)
14 verbose stack     at ChildProcess.emit (events.js:173:7)
14 verbose stack     at maybeClose (internal/child_process.js:819:16)
14 verbose stack     at Process.ChildProcess._handle.onexit (internal/child_process.js:212:5)
15 verbose pkgid dbcheckui@0.0.1
16 verbose cwd /home/zja/Workspace/dbCheckUI
17 error Linux 3.13.0-32-generic
18 error argv "/usr/local/share/node-v5.2.0-linux-x64/bin/node" "/usr/local/bin/npm" "run" "startWebpackdevserverBug"
19 error node v5.2.0
20 error npm  v3.3.12
21 error code ELIFECYCLE
22 error dbcheckui@0.0.1 startWebpackdevserverBug: `NODE_ENV=development node src/server/index.js --progress --colors --profile`
22 error Exit status 1
23 error Failed at the dbcheckui@0.0.1 startWebpackdevserverBug script 'NODE_ENV=development node src/server/index.js --progress --colors --profile'.
23 error Make sure you have the latest version of node.js and npm installed.
23 error If you do, this is most likely a problem with the dbcheckui package,
23 error not with npm itself.
23 error Tell the author that this fails on your system:
23 error     NODE_ENV=development node src/server/index.js --progress --colors --profile
23 error You can get their info via:
23 error     npm owner ls dbcheckui
23 error There is likely additional logging output above.
24 verbose exit [ 1, true ]
